2021-05-26 20:14:44 - __main__ - INFO: ===== import configuration =====
2021-05-26 20:14:44 - root - INFO: Config:
2021-05-26 20:14:44 - root - INFO: [Dataset]
2021-05-26 20:14:44 - root - INFO: Dataset_path = data/traditional_ch/msra
2021-05-26 20:14:44 - root - INFO: is_cls_flag = True
2021-05-26 20:14:44 - root - INFO: align_for_token_maxlen = False
2021-05-26 20:14:44 - root - INFO: cls_padding_idx = 0
2021-05-26 20:14:44 - root - INFO: token_padding_idx = 0
2021-05-26 20:14:44 - root - INFO: label_padding_idx = -1
2021-05-26 20:14:44 - root - INFO: token_max_len = 128
2021-05-26 20:14:44 - root - INFO: sample_seed = 207
2021-05-26 20:14:44 - root - INFO: 
2021-05-26 20:14:44 - root - INFO: [model]
2021-05-26 20:14:44 - root - INFO: mode = training
2021-05-26 20:14:44 - root - INFO: num_labels = 7
2021-05-26 20:14:44 - root - INFO: selected_model = BertForTokenClassification
2021-05-26 20:14:44 - root - INFO: selected_optimizer = Transformer_Adaw
2021-05-26 20:14:44 - root - INFO: selected_scheduler = cosine_schedule_with_warmup
2021-05-26 20:14:44 - root - INFO: 
2021-05-26 20:14:44 - root - INFO: [Label_mapping]
2021-05-26 20:14:44 - root - INFO: O = 0
2021-05-26 20:14:44 - root - INFO: B-PER = 1
2021-05-26 20:14:44 - root - INFO: I-PER = 2
2021-05-26 20:14:44 - root - INFO: B-ORG = 3
2021-05-26 20:14:44 - root - INFO: I-ORG = 4
2021-05-26 20:14:44 - root - INFO: B-LOC = 5
2021-05-26 20:14:44 - root - INFO: I-LOC = 6
2021-05-26 20:14:44 - root - INFO: 
2021-05-26 20:14:44 - root - INFO: [Label]
2021-05-26 20:14:44 - root - INFO: label_type = PER,ORG,LOC
2021-05-26 20:14:44 - root - INFO: 
2021-05-26 20:14:44 - root - INFO: [TF_model]
2021-05-26 20:14:44 - root - INFO: TF_Bert_pretrained_model = pretrained_bert_models/tensorflow/Bert_chinese_L-12_H-768_A-12/
2021-05-26 20:14:44 - root - INFO: TF_Bert_config = pretrained_bert_models/tensorflow/Bert_chinese_L-12_H-768_A-12/bert_config.json
2021-05-26 20:14:44 - root - INFO: TF_Bert_checkpoint = pretrained_bert_models/tensorflow/Bert_chinese_L-12_H-768_A-12/bert_model.ckpt
2021-05-26 20:14:44 - root - INFO: TF_Bert_vocab = pretrained_bert_models/tensorflow/Bert_chinese_L-12_H-768_A-12/vocab.txt
2021-05-26 20:14:44 - root - INFO: 
2021-05-26 20:14:44 - root - INFO: [pytorch_model]
2021-05-26 20:14:44 - root - INFO: pytorch_Bert_pretrained_model = pretrained_bert_models/pytorch/Bert_chinese_L-12_H-768_A-12/
2021-05-26 20:14:44 - root - INFO: pytorch_Bert_vocab = pretrained_bert_models/pytorch/Bert_chinese_L-12_H-768_A-12/vocab.txt
2021-05-26 20:14:44 - root - INFO: pytorch_Bert_model = ./experiments/checkpoint_2021-05-25_23_33_10/
2021-05-26 20:14:44 - root - INFO: 
2021-05-26 20:14:44 - root - INFO: [env]
2021-05-26 20:14:44 - root - INFO: devive = cuda
2021-05-26 20:14:44 - root - INFO: 
2021-05-26 20:14:44 - root - INFO: [hyperparameter]
2021-05-26 20:14:44 - root - INFO: full_fine_tuning = True
2021-05-26 20:14:44 - root - INFO: batch_size = 16
2021-05-26 20:14:44 - root - INFO: epoch_num = 50
2021-05-26 20:14:44 - root - INFO: learning_rate = 3e-5
2021-05-26 20:14:44 - root - INFO: weight_decay = 0.01
2021-05-26 20:14:44 - root - INFO: clip_grad = 5
2021-05-26 20:14:44 - root - INFO: patience_num = 5
2021-05-26 20:14:44 - root - INFO: patience_value = 0.01
2021-05-26 20:14:44 - root - INFO: 
2021-05-26 20:14:44 - root - INFO: [training_setting]
2021-05-26 20:14:44 - root - INFO: saving_model_path = ./experiments/
2021-05-26 20:14:44 - root - INFO: 
2021-05-26 20:16:28 - parso.cache - DEBUG: pickle loaded: D:\Program Files\Anaconda3\envs\pytorch-gpu\lib\site-packages\jedi\third_party\typeshed\stdlib\2and3\builtins.pyi
2021-05-26 20:17:27 - parso.python.diff - DEBUG: diff parser start
2021-05-26 20:17:27 - parso.python.diff - DEBUG: line_lengths old: 1; new: 1
2021-05-26 20:17:27 - parso.python.diff - DEBUG: -> code[replace] old[1:1] new[1:1]
2021-05-26 20:17:27 - parso.python.diff - DEBUG: parse_part from 1 to 1 (to 0 in part parser)
2021-05-26 20:17:27 - parso.python.diff - DEBUG: diff parser end
2021-05-26 20:17:27 - parso.cache - DEBUG: pickle loaded: c:\Users\cloudy822\Desktop\nlp_tookit_news\train.py
2021-05-26 20:17:27 - parso.cache - DEBUG: pickle loaded: D:\Program Files\Anaconda3\envs\pytorch-gpu\lib\configparser.py
2021-05-26 20:17:27 - parso.cache - DEBUG: pickle loaded: D:\Program Files\Anaconda3\envs\pytorch-gpu\lib\logging\__init__.py
2021-05-26 20:17:27 - parso.cache - DEBUG: pickle loaded: D:\Program Files\Anaconda3\envs\pytorch-gpu\lib\site-packages\torch\utils\data\dataloader.py
2021-05-26 20:17:27 - parso.cache - DEBUG: pickle loaded: D:\Program Files\Anaconda3\envs\pytorch-gpu\lib\datetime.py
